2026-07-03 01:13:17,790 WARNING selenium.webdriver.common.selenium_manager - The geckodriver version (0.36.0) detected in PATH at C:\WINDOWS\geckodriver.exe might not be compatible with the detected firefox version (152.0.4); currently, geckodriver 0.37.0 is recommended for firefox 152.*, so it is advised to delete the driver in PATH and retry
2026-07-03 01:13:25,754 INFO talento_tech - Inicio de test_agregar_producto.py
2026-07-03 01:13:30,159 INFO talento_tech - Cantidad de items en carrito: 3
2026-07-03 01:13:30,278 INFO talento_tech - Nombre(s) esperado del/los item(s): ['Sauce Labs Backpack', 'Sauce Labs Bike Light', 'Sauce Labs Bolt T-Shirt']
2026-07-03 01:13:30,324 INFO talento_tech - Precio(s) esperado del/los item(s): $29.99, $9.99, $15.99
2026-07-03 01:13:30,324 INFO talento_tech - Nombre(s) encontrado del/los item(s): ['Sauce Labs Backpack', 'Sauce Labs Bike Light', 'Sauce Labs Bolt T-Shirt']
2026-07-03 01:13:30,324 INFO talento_tech - Precio(s) encontrado del/los item(s): ['$29.99', '$9.99', '$15.99']
2026-07-03 01:13:30,324 INFO talento_tech - Fin de test_agregar_producto.py
2026-07-03 01:13:37,062 WARNING selenium.webdriver.common.selenium_manager - The geckodriver version (0.36.0) detected in PATH at C:\WINDOWS\geckodriver.exe might not be compatible with the detected firefox version (152.0.4); currently, geckodriver 0.37.0 is recommended for firefox 152.*, so it is advised to delete the driver in PATH and retry
2026-07-03 01:13:44,737 INFO talento_tech - Inicio de test_agregar_producto.py
2026-07-03 01:13:54,700 WARNING selenium.webdriver.common.selenium_manager - The geckodriver version (0.36.0) detected in PATH at C:\WINDOWS\geckodriver.exe might not be compatible with the detected firefox version (152.0.4); currently, geckodriver 0.37.0 is recommended for firefox 152.*, so it is advised to delete the driver in PATH and retry
2026-07-03 01:14:02,064 INFO talento_tech - Inicio de test_agregar_producto.py
2026-07-03 01:14:06,092 INFO talento_tech - Cantidad de items en carrito: 2
2026-07-03 01:14:06,198 INFO talento_tech - Nombre(s) esperado del/los item(s): ['Sauce Labs Backpack', 'Sauce Labs Bike Light', 'Sauce Labs Bolt T-Shirt']
2026-07-03 01:14:06,198 INFO talento_tech - Precio(s) esperado del/los item(s): $29.99, $9.99, $15.99
2026-07-03 01:14:06,199 INFO talento_tech - Nombre(s) encontrado del/los item(s): ['Sauce Labs Backpack', 'Sauce Labs Bike Light']
2026-07-03 01:14:06,199 INFO talento_tech - Precio(s) encontrado del/los item(s): ['$29.99', '$9.99']
2026-07-03 01:14:06,199 INFO talento_tech - Fin de test_agregar_producto.py
2026-07-03 01:14:12,569 WARNING selenium.webdriver.common.selenium_manager - The geckodriver version (0.36.0) detected in PATH at C:\WINDOWS\geckodriver.exe might not be compatible with the detected firefox version (152.0.4); currently, geckodriver 0.37.0 is recommended for firefox 152.*, so it is advised to delete the driver in PATH and retry
2026-07-03 01:14:20,085 INFO talento_tech - Inicio de test_agregar_producto.py
